Testing Image Model: stabilityai/stable-diffusion-xl-base-1.0...
✅ stabilityai/stable-diffusion-xl-base-1.0 SUCCESS (Size: 1545627 bytes)
Testing Image Model: runwayml/stable-diffusion-v1-5...
❌ runwayml/stable-diffusion-v1-5 FAILED: 404 - "Not Found"
Testing Image Model: CompVis/stable-diffusion-v1-4...
❌ CompVis/stable-diffusion-v1-4 FAILED: 404 - "Not Found"
Testing Image Model: prompthero/openjourney...
❌ prompthero/openjourney FAILED: 404 - "Not Found"
Testing Image Model: stabilityai/stable-diffusion-2-1...
❌ stabilityai/stable-diffusion-2-1 FAILED: 404 - "Not Found"
